<?xml version="1.0" encoding="UTF-8"?>
<robot generator="Robot 5.0.1 (Python 3.10.6 on darwin)" generated="20221020 01:16:17.705" rpa="false" schemaversion="3">
<suite id="s1" name="Addproduct" source="/Users/vigneshkandi/Desktop/Python/SoftwareTesting/Verkkokauppa/addproduct.robot">
<test id="s1-t1" name="Test" line="32">
<status status="FAIL" starttime="20221020 01:16:17.779" endtime="20221020 01:16:17.779">Test contains no keywords.</status>
</test>
<status status="FAIL" starttime="20221020 01:16:17.707" endtime="20221020 01:16:17.780"/>
</suite>
<statistics>
<total>
<stat pass="0" fail="1" skip="0">All Tests</stat>
</total>
<tag>
</tag>
<suite>
<stat pass="0" fail="1" skip="0" id="s1" name="Addproduct">Addproduct</stat>
</suite>
</statistics>
<errors>
</errors>
</robot>
