<?xml version="1.0" encoding="UTF-8"?>
<robot generator="Robot 5.0.1 (Python 3.10.6 on darwin)" generated="20221005 02:20:39.863" rpa="false" schemaversion="3">
<suite id="s1" name="Test" source="/Users/vigneshkandi/Desktop/Python/SoftwareTesting/Verkkokauppa/test.robot">
<test id="s1-t1" name="Open Browser" line="10">
<status status="FAIL" starttime="20221005 02:20:39.942" endtime="20221005 02:20:39.943">Test contains no keywords.</status>
</test>
<test id="s1-t2" name="Search on Google search topic browserstack" line="11">
<status status="FAIL" starttime="20221005 02:20:39.943" endtime="20221005 02:20:39.943">Test contains no keywords.</status>
</test>
<status status="FAIL" starttime="20221005 02:20:39.864" endtime="20221005 02:20:39.943"/>
</suite>
<statistics>
<total>
<stat pass="0" fail="2" skip="0">All Tests</stat>
</total>
<tag>
</tag>
<suite>
<stat pass="0" fail="2" skip="0" id="s1" name="Test">Test</stat>
</suite>
</statistics>
<errors>
</errors>
</robot>
