<?xml version="1.0" encoding="UTF-8"?>
<robot generator="Robot 5.0.1 (Python 3.10.6 on darwin)" generated="20221024 01:32:59.948" rpa="false" schemaversion="3">
<suite id="s1" name="Ping" source="/Users/vigneshkandi/Desktop/Python/SoftwareTesting/Assignment 6/ping.robot">
<test id="s1-t1" name="Ping webpages on text file" line="14">
<for flavor="IN">
<var>${element}</var>
<value>@{addresses}</value>
<msg timestamp="20221024 01:32:59.967" level="FAIL">Variable '@{addresses}' not found.</msg>
<status status="FAIL" starttime="20221024 01:32:59.967" endtime="20221024 01:32:59.968"/>
</for>
<status status="FAIL" starttime="20221024 01:32:59.966" endtime="20221024 01:32:59.969">Variable '@{addresses}' not found.</status>
</test>
<status status="FAIL" starttime="20221024 01:32:59.950" endtime="20221024 01:32:59.969"/>
</suite>
<statistics>
<total>
<stat pass="0" fail="1" skip="0">All Tests</stat>
</total>
<tag>
</tag>
<suite>
<stat pass="0" fail="1" skip="0" id="s1" name="Ping">Ping</stat>
</suite>
</statistics>
<errors>
</errors>
</robot>
